#
# There is insufficient memory for the Java Runtime Environment to continue.
# Native memory allocation (mmap) failed to map 536870912 bytes for G1 virtual space
# Possible reasons:
#   The system is out of physical RAM or swap space
#   The process is running with CompressedOops enabled, and the Java Heap may be blocking the growth of the native heap
# Possible solutions:
#   Reduce memory load on the system
#   Increase physical memory or swap space
#   Check if swap backing store is full
#   Decrease Java heap size (-Xmx/-Xms)
#   Decrease number of Java threads
#   Decrease Java thread stack sizes (-Xss)
#   Set larger code cache with -XX:ReservedCodeCacheSize=
#   JVM is running with Zero Based Compressed Oops mode in which the Java heap is
#     placed in the first 32GB address space. The Java Heap base address is the
#     maximum limit for the native heap growth. Please use -XX:HeapBaseMinAddress
#     to set the Java Heap base and to place the Java Heap above 32GB virtual address.
# This output file may be truncated or incomplete.
#
#  Out of Memory Error (./open/src/hotspot/os/windows/os_windows.cpp:3472), pid=3032, tid=8988
#
# JRE version:  (15.0.1+9) (build )
# Java VM: Java HotSpot(TM) 64-Bit Server VM (15.0.1+9-18, mixed mode, sharing, tiered, compressed oops, g1 gc, windows-amd64)
# No core dump will be written. Minidumps are not enabled by default on client versions of Windows
#

---------------  S U M M A R Y ------------

Command Line: -javaagent:C:\Java\IntelliJ IDEA Community Edition 2020.3\lib\idea_rt.jar=54443:C:\Java\IntelliJ IDEA Community Edition 2020.3\bin -Dfile.encoding=UTF-8 _aaa.Duck

Host: AMD Ryzen 5 2600 Six-Core Processor            , 12 cores, 31G,  Windows 10 , 64 bit Build 18362 (10.0.18362.1316)
Time: Fri Feb 12 22:34:29 2021 Közép-európai téli ido  elapsed time: 0.015830 seconds (0d 0h 0m 0s)

---------------  T H R E A D  ---------------

Current thread (0x00000191a10947a0):  JavaThread "Unknown thread" [_thread_in_vm, id=8988, stack(0x00000088c9200000,0x00000088c9300000)]

Stack: [0x00000088c9200000,0x00000088c9300000]
Native frames: (J=compiled Java code, j=interpreted, Vv=VM code, C=native code)
V  [jvm.dll+0x62ae9a]
V  [jvm.dll+0x781389]
V  [jvm.dll+0x782ae3]
V  [jvm.dll+0x783143]
V  [jvm.dll+0x216265]
V  [jvm.dll+0x6281d9]
V  [jvm.dll+0x61cd15]
V  [jvm.dll+0x2d01fd]
V  [jvm.dll+0x2d0062]
V  [jvm.dll+0x2d603c]
V  [jvm.dll+0x325b2a]
V  [jvm.dll+0x3251f4]
V  [jvm.dll+0x2a717a]
V  [jvm.dll+0x2a8318]
V  [jvm.dll+0x75e101]
V  [jvm.dll+0x3343e4]
V  [jvm.dll+0x73e826]
V  [jvm.dll+0x3b7777]
V  [jvm.dll+0x3b9201]
C  [jli.dll+0x52fb]
C  [ucrtbase.dll+0x210b2]
C  [KERNEL32.DLL+0x17c24]
C  [ntdll.dll+0x6d4d1]


---------------  P R O C E S S  ---------------

Threads class SMR info:
_java_thread_list=0x00007ffe5d1e4ff0, length=0, elements={
}

Java Threads: ( => current thread )

Other Threads:
  0x00000191a110c880 GCTaskThread "GC Thread#0" [stack: 0x00000088c9300000,0x00000088c9400000] [id=9504]
  0x00000191a111f180 ConcurrentGCThread "G1 Main Marker" [stack: 0x00000088c9400000,0x00000088c9500000] [id=15464]
  0x00000191a1120510 ConcurrentGCThread "G1 Conc#0" [stack: 0x00000088c9500000,0x00000088c9600000] [id=3188]

[error occurred during error reporting (printing all threads), id 0xc0000005, EXCEPTION_ACCESS_VIOLATION (0xc0000005) at pc=0x00007ffe5c9d8047]

VM state: not at safepoint (not fully initialized)

VM Mutex/Monitor currently owned by a thread:  ([mutex/lock_event])
[0x00000191a108e550] Heap_lock - owner thread: 0x00000191a10947a0

Heap address: 0x0000000600c00000, size: 8180 MB, Compressed Oops mode: Zero based, Oop shift amount: 3
CDS archive(s) mapped at: [0x0000000000000000-0x0000000000000000-0x0000000000000000), size 0, SharedBaseAddress: 0x0000000800000000, ArchiveRelocationMode: 0.
Narrow klass base: 0x0000000000000000, Narrow klass shift: 0, Narrow klass range: 0x0

Heap:
 garbage-first heap   total 524288K, used 0K [0x0000000600c00000, 0x0000000800000000)
  region size 4096K, 0 young (0K), 0 survivors (0K)
 Metaspace       used 0K, capacity 0K, committed 0K, reserved 0K
  class space    used 0K, capacity 0K, committed 0K, reserved 0K

Heap Regions: E=young(eden), S=young(survivor), O=old, HS=humongous(starts), HC=humongous(continues), CS=collection set, F=free, OA=open archive, CA=closed archive, TAMS=top-at-mark-start (previous, next)

Card table byte_map: [0x00000191b9810000,0x00000191ba810000] _byte_map_base: 0x00000191b680a000

Marking Bits (Prev, Next): (CMBitMap*) 0x00000191a110e080, (CMBitMap*) 0x00000191a110e0c0
 Prev Bits: [0x00000191bb810000, 0x00000191c37e0000)
 Next Bits: [0x00000191c37e0000, 0x00000191cb7b0000)

GC Heap History (0 events):
No events

Deoptimization events (0 events):
No events

Classes unloaded (0 events):
No events

Classes redefined (0 events):
No events

Internal exceptions (0 events):
No events

Events (1 events):
Event: 0.008 Loaded shared library C:\Program Files\Java\jdk-15.0.1\bin\java.dll


Dynamic libraries:
0x00007ff7343e0000 - 0x00007ff7343ef000 	C:\Program Files\Java\jdk-15.0.1\bin\java.exe
0x00007ffe85d40000 - 0x00007ffe85f30000 	C:\Windows\SYSTEM32\ntdll.dll
0x00007ffe83fd0000 - 0x00007ffe84082000 	C:\Windows\System32\KERNEL32.DLL
0x00007ffe836b0000 - 0x00007ffe83955000 	C:\Windows\System32\KERNELBASE.dll
0x00007ffe83b30000 - 0x00007ffe83c2a000 	C:\Windows\System32\ucrtbase.dll
0x00007ffe7f560000 - 0x00007ffe7f578000 	C:\Program Files\Java\jdk-15.0.1\bin\jli.dll
0x00007ffe7f540000 - 0x00007ffe7f559000 	C:\Program Files\Java\jdk-15.0.1\bin\VCRUNTIME140.dll
0x00007ffe85940000 - 0x00007ffe859e3000 	C:\Windows\System32\ADVAPI32.dll
0x00007ffe83f30000 - 0x00007ffe83fce000 	C:\Windows\System32\msvcrt.dll
0x00007ffe859f0000 - 0x00007ffe85a87000 	C:\Windows\System32\sechost.dll
0x00007ffe85680000 - 0x00007ffe8579f000 	C:\Windows\System32\RPCRT4.dll
0x00007ffe857a0000 - 0x00007ffe85934000 	C:\Windows\System32\USER32.dll
0x00007ffe83a00000 - 0x00007ffe83a21000 	C:\Windows\System32\win32u.dll
0x00007ffe72dc0000 - 0x00007ffe73044000 	C:\Windows\WinSxS\amd64_microsoft.windows.common-controls_6595b64144ccf1df_6.0.18362.1316_none_9e7a364fe461dbd7\COMCTL32.dll
0x00007ffe85cd0000 - 0x00007ffe85cf6000 	C:\Windows\System32\GDI32.dll
0x00007ffe85140000 - 0x00007ffe85477000 	C:\Windows\System32\combase.dll
0x00007ffe83c30000 - 0x00007ffe83dc8000 	C:\Windows\System32\gdi32full.dll
0x00007ffe83960000 - 0x00007ffe839fe000 	C:\Windows\System32\msvcp_win.dll
0x00007ffe83440000 - 0x00007ffe834c1000 	C:\Windows\System32\bcryptPrimitives.dll
0x00007ffe7afd0000 - 0x00007ffe7afda000 	C:\Windows\SYSTEM32\VERSION.dll
0x00007ffe85650000 - 0x00007ffe8567e000 	C:\Windows\System32\IMM32.DLL
0x00007ffe7f530000 - 0x00007ffe7f53c000 	C:\Program Files\Java\jdk-15.0.1\bin\vcruntime140_1.dll
0x00007ffe729b0000 - 0x00007ffe72a41000 	C:\Program Files\Java\jdk-15.0.1\bin\msvcp140.dll
0x00007ffe5c720000 - 0x00007ffe5d27e000 	C:\Program Files\Java\jdk-15.0.1\bin\server\jvm.dll
0x00007ffe85070000 - 0x00007ffe85078000 	C:\Windows\System32\PSAPI.DLL
0x00007ffe80720000 - 0x00007ffe80744000 	C:\Windows\SYSTEM32\WINMM.dll
0x00007ffe67500000 - 0x00007ffe67509000 	C:\Windows\SYSTEM32\WSOCK32.dll
0x00007ffe855e0000 - 0x00007ffe8564f000 	C:\Windows\System32\WS2_32.dll
0x00007ffe806f0000 - 0x00007ffe8071d000 	C:\Windows\SYSTEM32\WINMMBASE.dll
0x00007ffe83a30000 - 0x00007ffe83a7a000 	C:\Windows\System32\cfgmgr32.dll
0x00007ffe82c00000 - 0x00007ffe82c11000 	C:\Windows\System32\kernel.appcore.dll
0x00007ffe7f520000 - 0x00007ffe7f52a000 	C:\Program Files\Java\jdk-15.0.1\bin\jimage.dll
0x00007ffe70cf0000 - 0x00007ffe70ee4000 	C:\Windows\SYSTEM32\DBGHELP.DLL
0x00007ffe707b0000 - 0x00007ffe707da000 	C:\Windows\SYSTEM32\dbgcore.DLL
0x00007ffe7f510000 - 0x00007ffe7f51e000 	C:\Program Files\Java\jdk-15.0.1\bin\instrument.dll
0x00007ffe7f4d0000 - 0x00007ffe7f4f5000 	C:\Program Files\Java\jdk-15.0.1\bin\java.dll

dbghelp: loaded successfully - version: 4.0.5 - missing functions: none
symbol engine: initialized successfully - sym options: 0x614 - pdb path: .;C:\Program Files\Java\jdk-15.0.1\bin;C:\Windows\SYSTEM32;C:\Windows\WinSxS\amd64_microsoft.windows.common-controls_6595b64144ccf1df_6.0.18362.1316_none_9e7a364fe461dbd7;C:\Program Files\Java\jdk-15.0.1\bin\server

VM Arguments:
jvm_args: -javaagent:C:\Java\IntelliJ IDEA Community Edition 2020.3\lib\idea_rt.jar=54443:C:\Java\IntelliJ IDEA Community Edition 2020.3\bin -Dfile.encoding=UTF-8 
java_command: _aaa.Duck
java_class_path (initial): C:\training\training-solutions\target\classes
Launcher Type: SUN_STANDARD

[Global flags]
     intx CICompilerCount                          = 4                                         {product} {ergonomic}
     uint ConcGCThreads                            = 3                                         {product} {ergonomic}
     uint G1ConcRefinementThreads                  = 10                                        {product} {ergonomic}
   size_t G1HeapRegionSize                         = 4194304                                   {product} {ergonomic}
    uintx GCDrainStackTargetSize                   = 64                                        {product} {ergonomic}
   size_t InitialHeapSize                          = 536870912                                 {product} {ergonomic}
   size_t MarkStackSize                            = 4194304                                   {product} {ergonomic}
   size_t MaxHeapSize                              = 8577351680                                {product} {ergonomic}
   size_t MinHeapDeltaBytes                        = 4194304                                   {product} {ergonomic}
   size_t MinHeapSize                              = 8388608                                   {product} {ergonomic}
    uintx NonNMethodCodeHeapSize                   = 5839372                                {pd product} {ergonomic}
    uintx NonProfiledCodeHeapSize                  = 122909434                              {pd product} {ergonomic}
    uintx ProfiledCodeHeapSize                     = 122909434                              {pd product} {ergonomic}
    uintx ReservedCodeCacheSize                    = 251658240                              {pd product} {ergonomic}
     bool SegmentedCodeCache                       = true                                      {product} {ergonomic}
   size_t SoftMaxHeapSize                          = 8577351680                             {manageable} {ergonomic}
     bool UseCompressedClassPointers               = true                                 {lp64_product} {ergonomic}
     bool UseCompressedOops                        = true                                 {lp64_product} {ergonomic}
     bool UseG1GC                                  = true                                      {product} {ergonomic}
     bool UseLargePagesIndividualAllocation        = false                                  {pd product} {ergonomic}

Logging:
Log output configuration:
 #0: stdout all=warning uptime,level,tags
 #1: stderr all=off uptime,level,tags

Environment Variables:
JAVA_HOME=C:\Program Files\Java\jdk-15.0.1
PATH=C:\Program Files (x86)\CollabNet;C:\Program Files (x86)\Embarcadero\Studio\15.0\bin;C:\Users\Public\Documents\Embarcadero\Studio\15.0\Bpl;C:\Program Files (x86)\Embarcadero\Studio\15.0\bin64;C:\Users\Public\Documents\Embarcadero\Studio\15.0\Bpl\Win64;C:\Program Files\Common Files\Oracle\Java\javapath;C:\Windows\system32;C:\Windows;C:\Windows\System32\Wbem;C:\Windows\System32\WindowsPowerShell\v1.0\;C:\Windows\System32\OpenSSH\;C:\Program Files\Git\cmd;C:\Users\kdini\AppData\Local\Microsoft\WindowsApps;C:\Program Files\Java\jdk-15.0.1\bin;C:\Java\apache-maven-3.6.3\bin;C:\Users\kdini\AppData\Local\GitHubDesktop\bin
USERNAME=kdini
OS=Windows_NT
PROCESSOR_IDENTIFIER=AMD64 Family 23 Model 8 Stepping 2, AuthenticAMD



---------------  S Y S T E M  ---------------

OS:
 Windows 10 , 64 bit Build 18362 (10.0.18362.1316)
OS uptime: 9 days 22:27 hours

CPU: total 12 (initial active 12) (12 cores per cpu, 2 threads per core) family 23 model 8 stepping 2 microcode 0x0, cmov, cx8, fxsr, mmx, sse, sse2, sse3, ssse3, sse4.1, sse4.2, popcnt, vzeroupper, avx, avx2, aes, clmul, 3dnowpref, lzcnt, sse4a, ht, tsc, tscinvbit, tscinv, bmi1, bmi2, adx, sha, fma, clflush, clflushopt

Memory: 4k page, system-wide physical 32716M (14730M free)
TotalPageFile size 36762M (AvailPageFile size 102M)
current process WorkingSet (physical memory assigned to process): 10M, peak: 10M
current process commit charge ("private bytes"): 64M, peak: 576M

vm_info: Java HotSpot(TM) 64-Bit Server VM (15.0.1+9-18) for windows-amd64 JRE (15.0.1+9-18), built on Sep 15 2020 14:43:54 by "mach5one" with unknown MS VC++:1925

END.
